2025-03-01 14:54:31,408 [INFO] Authenticated to Twitter API successfully.
2025-03-01 14:56:11,045 [INFO] Authenticated to Twitter API successfully.
2025-03-01 14:56:11,418 [ERROR] Authentication failed or not authorized (HTTP 403). Error: 403 Forbidden
Your client app is not configured with the appropriate oauth1 app permissions for this endpoint.
2025-03-01 14:58:47,556 [INFO] Authenticated to Twitter API successfully.
2025-03-01 14:58:47,872 [ERROR] Authentication failed or not authorized (HTTP 403). Error: 403 Forbidden
Your client app is not configured with the appropriate oauth1 app permissions for this endpoint.
2025-03-01 16:01:54,634 [INFO] Authenticated to Twitter API successfully.
2025-03-01 16:01:55,187 [INFO] Successfully liked tweet ID 1895770434580464107.
2025-03-01 16:07:32,450 [INFO] Authenticated to Twitter API successfully.
2025-03-01 16:07:33,057 [WARNING] Rate limit exceeded. Sleeping for 564 seconds.
2025-03-01 16:13:43,081 [INFO] Authenticated to Twitter API successfully.
2025-03-01 16:13:43,399 [WARNING] Rate limit exceeded. Sleeping for 194 seconds.
2025-03-01 16:16:57,372 [WARNING] Rate limit exceeded. Sleeping for 903 seconds.
2025-03-01 16:16:57,587 [WARNING] Rate limit exceeded. Sleeping for 903 seconds.
2025-03-01 16:32:01,074 [WARNING] Rate limit exceeded. Sleeping for 902 seconds.
2025-03-01 16:32:01,075 [WARNING] Rate limit exceeded. Sleeping for 902 seconds.
2025-03-01 16:38:13,102 [INFO] Authenticated to Twitter API successfully.
2025-03-01 16:38:13,418 [WARNING] Rate limit exceeded. Sleeping for 530 seconds.
2025-03-01 16:47:03,414 [WARNING] Rate limit exceeded. Sleeping for 903 seconds.
2025-03-01 16:47:03,414 [WARNING] Rate limit exceeded. Sleeping for 903 seconds.
2025-03-01 16:47:03,735 [WARNING] Rate limit exceeded. Sleeping for 903 seconds.
2025-03-01 17:02:06,940 [WARNING] Rate limit exceeded. Sleeping for 903 seconds.
2025-03-01 17:02:06,941 [WARNING] Rate limit exceeded. Sleeping for 903 seconds.
2025-03-01 17:03:38,407 [INFO] Authenticated to Twitter API successfully.
2025-03-01 17:03:38,726 [WARNING] Rate limit exceeded. Sleeping for 811 seconds.
2025-03-01 17:29:05,728 [INFO] Authenticated to Twitter API successfully.
2025-03-01 17:29:06,388 [WARNING] Rate limit exceeded. Sleeping for 903 seconds.
2025-03-02 14:54:10,525 [INFO] Authenticated to Twitter API successfully.
2025-03-02 14:54:10,893 [ERROR] Unauthorized: Invalid API credentials. Check your keys.
2025-03-02 14:57:56,267 [INFO] Authenticated to Twitter API successfully.
2025-03-02 14:57:56,587 [WARNING] Rate limit exceeded. Sleeping for 902 seconds.
2025-03-02 15:07:44,529 [INFO] Authenticated to Twitter API successfully.
2025-03-02 15:07:44,845 [WARNING] Rate limit exceeded. Sleeping for 314 seconds.
2025-03-02 15:10:07,061 [INFO] Authenticated to Twitter API successfully.
2025-03-02 15:10:07,388 [WARNING] Rate limit exceeded. Sleeping for 171 seconds.
2025-03-02 15:12:58,571 [WARNING] Rate limit exceeded. Sleeping for 902 seconds.
2025-03-02 15:18:37,704 [INFO] Authenticated to Twitter API successfully.
2025-03-02 15:18:38,015 [WARNING] Rate limit exceeded. Sleeping for 562 seconds.
2025-03-02 15:40:35,132 [INFO] Authenticated to Twitter API successfully.
2025-03-02 15:40:35,455 [WARNING] Rate limit exceeded. Sleeping for 902 seconds.
2025-03-02 15:45:05,577 [INFO] Authenticated to Twitter API successfully.
2025-03-02 15:45:05,888 [WARNING] Rate limit exceeded. Sleeping for 632 seconds.
2025-03-02 16:00:43,124 [INFO] Authenticated to Twitter API successfully.
2025-03-02 16:00:45,153 [WARNING] Rate limit exceeded. Sleeping for 902 seconds.
2025-03-02 16:11:41,854 [INFO] Authenticated to Twitter API successfully.
2025-03-02 16:13:10,464 [INFO] Authenticated to Twitter API successfully.
2025-03-02 16:27:06,326 [INFO] Loaded OAuth 2.0 credentials from .env.
2025-03-02 16:27:51,346 [INFO] Loaded OAuth 2.0 credentials from .env.
2025-03-02 16:27:51,347 [INFO] Authenticated to Twitter API using Oauth 2.0.
2025-03-02 16:31:57,033 [ERROR] Unexpected Twitter API error: <function main.<locals>.<lambda> at 0x00000265EF12BE20>
2025-03-02 16:35:28,645 [INFO] Loaded OAuth 1.0a credentials from .env.
2025-03-02 16:35:28,646 [INFO] Authenticated to Twitter API using OAuth 1.0a.
2025-03-02 16:35:28,646 [ERROR] Unexpected Twitter API error: <function main.<locals>.<lambda> at 0x000001964BCBBBA0>
2025-03-02 16:35:28,646 [ERROR] Exiting program due to an error.
2025-03-02 16:38:54,002 [INFO] Loaded OAuth 1.0a credentials from .env.
2025-03-02 16:38:54,003 [INFO] Authenticated to Twitter API using OAuth 1.0a.
2025-03-02 16:38:54,003 [ERROR] Unexpected Twitter API error: <function like_tweet at 0x000001EE8D8BB880>
2025-03-02 16:38:54,003 [ERROR] Exiting program due to an error.
2025-03-02 16:40:03,358 [INFO] Loaded OAuth 1.0a credentials from .env.
2025-03-02 16:40:03,359 [INFO] Authenticated to Twitter API using OAuth 1.0a.
2025-03-02 16:40:03,359 [ERROR] Unexpected Twitter API error: <function main.<locals>.<lambda> at 0x0000022922BDBBA0>
2025-03-02 16:40:03,359 [ERROR] Exiting program due to an error.
2025-03-02 16:41:02,183 [INFO] Loaded OAuth 1.0a credentials from .env.
2025-03-02 16:41:02,184 [INFO] Authenticated to Twitter API using OAuth 1.0a.
2025-03-02 16:41:02,940 [ERROR] Unexpected Twitter API error: Response(data={'liked': True}, includes={}, errors=[], meta={})
2025-03-02 16:41:02,941 [ERROR] Exiting program due to an error.
2025-03-02 16:49:02,766 [INFO] Loaded OAuth 1.0a credentials from .env.
2025-03-02 16:49:02,767 [INFO] Authenticated to Twitter API using OAuth 1.0a.
2025-03-02 16:49:03,089 [WARNING] Rate limit exceeded. Sleeping for 422 seconds.
2025-03-02 16:49:39,289 [INFO] Loaded OAuth 1.0a credentials from .env.
2025-03-02 16:49:39,290 [INFO] Authenticated to Twitter API using OAuth 1.0a.
2025-03-02 16:49:39,610 [WARNING] Rate limit exceeded. Sleeping for 386 seconds.
2025-03-02 16:49:50,244 [INFO] Loaded OAuth 1.0a credentials from .env.
2025-03-02 16:49:50,245 [INFO] Authenticated to Twitter API using OAuth 1.0a.
2025-03-02 16:49:50,567 [WARNING] Rate limit exceeded. Sleeping for 375 seconds.
2025-03-02 16:50:12,467 [INFO] Loaded OAuth 1.0a credentials from .env.
2025-03-02 16:50:12,467 [INFO] Authenticated to Twitter API using OAuth 1.0a.
2025-03-02 16:52:48,198 [INFO] Loaded OAuth 1.0a credentials from .env.
2025-03-02 16:52:48,199 [INFO] Authenticated to Twitter API using OAuth 1.0a.
2025-03-02 16:52:48,199 [ERROR] Unexpected Twitter API error: <function main.<locals>.<lambda> at 0x0000023E394EBC40>
2025-03-02 16:52:48,199 [ERROR] Exiting program due to an error.
2025-03-02 16:54:17,318 [INFO] Loaded OAuth 1.0a credentials from .env.
2025-03-02 16:54:17,319 [INFO] Authenticated to Twitter API using OAuth 1.0a.
2025-03-02 17:17:30,872 [INFO] Loaded OAuth 1.0a credentials from .env.
2025-03-02 17:17:30,872 [INFO] Authenticated to Twitter API using OAuth 1.0a.
2025-03-02 17:17:31,180 [ERROR] Unauthorized: Invalid API credentials. Chek your keys.
2025-03-02 17:21:51,982 [INFO] Loaded OAuth 1.0a credentials from .env.
2025-03-02 17:21:51,983 [INFO] Authenticated to Twitter API using OAuth 1.0a.
2025-03-02 17:21:53,214 [WARNING] Rate limit exceeded. Sleeping for 902 seconds.
2025-03-02 17:36:38,689 [INFO] Loaded OAuth 1.0a credentials from .env.
2025-03-02 17:36:38,689 [INFO] Authenticated to Twitter API using OAuth 1.0a.
2025-03-02 17:36:39,007 [WARNING] Rate limit exceeded. Sleeping for 16 seconds.
2025-03-02 17:37:27,958 [INFO] Loaded OAuth 1.0a credentials from .env.
2025-03-02 17:37:27,959 [INFO] Authenticated to Twitter API using OAuth 1.0a.
2025-03-02 17:37:28,282 [WARNING] Rate limit exceeded. Sleeping for 902 seconds.
2025-03-02 17:37:54,918 [INFO] Loaded OAuth 1.0a credentials from .env.
2025-03-02 17:37:54,919 [INFO] Authenticated to Twitter API using OAuth 1.0a.
2025-03-02 17:37:55,230 [WARNING] Rate limit exceeded. Sleeping for 875 seconds.
2025-03-02 17:38:44,207 [INFO] Loaded OAuth 1.0a credentials from .env.
2025-03-02 17:38:44,208 [INFO] Authenticated to Twitter API using OAuth 1.0a.
2025-03-02 17:38:44,536 [WARNING] Rate limit exceeded. Sleeping for 826 seconds.
2025-03-02 17:42:19,412 [INFO] Loaded OAuth 1.0a credentials from .env.
2025-03-02 17:42:19,413 [INFO] Authenticated to Twitter API using OAuth 1.0a.
2025-03-02 17:42:19,723 [WARNING] Rate limit exceeded. Sleeping for 611 seconds.
2025-03-02 17:46:14,918 [INFO] Loaded OAuth 1.0a credentials from .env.
2025-03-02 17:46:14,919 [INFO] Authenticated to Twitter API using OAuth 1.0a.
2025-03-02 17:46:15,241 [WARNING] Rate limit exceeded! Sleeping for {wait_time:.2f} seconds...
2025-03-02 17:47:23,044 [INFO] Loaded OAuth 1.0a credentials from .env.
2025-03-02 17:47:23,045 [INFO] Authenticated to Twitter API using OAuth 1.0a.
2025-03-02 17:47:23,371 [WARNING] Rate limit exceeded! Sleeping for 305.63 seconds...
2025-03-02 17:47:44,432 [INFO] Loaded OAuth 1.0a credentials from .env.
2025-03-02 17:47:44,433 [INFO] Authenticated to Twitter API using OAuth 1.0a.
2025-03-02 17:47:44,753 [ERROR] Unexpected Twitter API error: 429 Too Many Requests
Too Many Requests
2025-03-02 17:48:06,484 [INFO] Loaded OAuth 1.0a credentials from .env.
2025-03-02 17:48:06,485 [INFO] Authenticated to Twitter API using OAuth 1.0a.
2025-03-02 17:48:06,800 [WARNING] Rate limit exceeded! Sleeping for 262.20 seconds...
2025-03-02 18:01:13,860 [INFO] Loaded OAuth 1.0a credentials from .env.
2025-03-02 18:01:13,860 [INFO] Authenticated to Twitter API using OAuth 1.0a.
2025-03-02 18:01:14,178 [WARNING] Rate limit exceeded! Sleeping for 900.82 seconds...
2025-03-02 18:04:06,776 [INFO] Loaded OAuth 1.0a credentials from .env.
2025-03-02 18:04:06,777 [INFO] Authenticated to Twitter API using OAuth 1.0a.
2025-03-02 18:04:07,106 [ERROR] Forbidden: Action not allowed (tweet may be protected or already liked.)
2025-03-02 18:04:57,438 [INFO] Loaded OAuth 1.0a credentials from .env.
2025-03-02 18:04:57,438 [INFO] Authenticated to Twitter API using OAuth 1.0a.
2025-03-02 18:04:57,764 [ERROR] Forbidden: Action not allowed (tweet may be protected or already liked.)
